This is pdfTeX, Version 3.1415926-2.5-1.40.14 (Web2C 2013) (format=pdflatex 2014.11.27)  23 JAN 2015 17:01
entering extended mode
 restricted \write18 enabled.
 %&-line parsing enabled.
**ecjsample.tex
(./ecjsample.tex
LaTeX2e <2011/06/27>
Babel <v3.8l> and hyphenation patterns for english, dumylang, nohyphenation, uk
rainian, turkish, swedish, spanish, slovenian, slovak, serbian, russian, romani
an, portuguese, polish, bokmal, nynorsk, latin, italian, irish, indonesian, ice
landic, hungarian, monogreek, greek, german, ngerman, french, finnish, estonian
, esperanto, dutch, danish, czech, croatian, catalan, bulgarian, basque, loaded
.
(/usr/pkg/share/texmf-dist/tex/latex/base/article.cls
Document Class: article 2007/10/19 v1.4h Standard LaTeX document class
(/usr/pkg/share/texmf-dist/tex/latex/base/size10.clo
File: size10.clo 2007/10/19 v1.4h Standard LaTeX file (size option)
)
\c@part=\count79
\c@section=\count80
\c@subsection=\count81
\c@subsubsection=\count82
\c@paragraph=\count83
\c@subparagraph=\count84
\c@figure=\count85
\c@table=\count86
\abovecaptionskip=\skip41
\belowcaptionskip=\skip42
\bibindent=\dimen102
) (./ecj.sty
\titlebox=\skip43
\aftertitskip=\skip44
\beforetitskip=\skip45
\interauthorskip=\skip46
\aftermaketitskip=\skip47
)
(/usr/pkg/share/texmf-dist/tex/latex/psnfss/palatino.sty
Package: palatino 2005/04/12 PSNFSS-v9.2a (SPQR) 
)
(/usr/pkg/share/texmf-dist/tex/latex/graphics/epsfig.sty
Package: epsfig 1999/02/16 v1.7a (e)psfig emulation (SPQR)

(/usr/pkg/share/texmf-dist/tex/latex/graphics/graphicx.sty
Package: graphicx 1999/02/16 v1.0f Enhanced LaTeX Graphics (DPC,SPQR)

(/usr/pkg/share/texmf-dist/tex/latex/graphics/keyval.sty
Package: keyval 1999/03/16 v1.13 key=value parser (DPC)
\KV@toks@=\toks14
)
(/usr/pkg/share/texmf-dist/tex/latex/graphics/graphics.sty
Package: graphics 2009/02/05 v1.0o Standard LaTeX Graphics (DPC,SPQR)

(/usr/pkg/share/texmf-dist/tex/latex/graphics/trig.sty
Package: trig 1999/03/16 v1.09 sin cos tan (DPC)
)
(/usr/pkg/share/texmf-dist/tex/latex/latexconfig/graphics.cfg
File: graphics.cfg 2010/04/23 v1.9 graphics configuration of TeX Live
)
Package graphics Info: Driver file: pdftex.def on input line 91.

(/usr/pkg/share/texmf-dist/tex/latex/pdftex-def/pdftex.def
File: pdftex.def 2011/05/27 v0.06d Graphics/color for pdfTeX

(/usr/pkg/share/texmf-dist/tex/generic/oberdiek/infwarerr.sty
Package: infwarerr 2010/04/08 v1.3 Providing info/warning/error messages (HO)
)
(/usr/pkg/share/texmf-dist/tex/generic/oberdiek/ltxcmds.sty
Package: ltxcmds 2011/11/09 v1.22 LaTeX kernel commands for general use (HO)
)
\Gread@gobject=\count87
))
\Gin@req@height=\dimen103
\Gin@req@width=\dimen104
)
\epsfxsize=\dimen105
\epsfysize=\dimen106
)
(/usr/pkg/share/texmf-dist/tex/latex/base/latexsym.sty
Package: latexsym 1998/08/17 v2.2e Standard LaTeX package (lasy symbols)
\symlasy=\mathgroup4
LaTeX Font Info:    Overwriting symbol font `lasy' in version `bold'
(Font)                  U/lasy/m/n --> U/lasy/b/n on input line 47.
)
(/usr/pkg/share/texmf-dist/tex/latex/natbib/natbib.sty
Package: natbib 2010/09/13 8.31b (PWD, AO)
\bibhang=\skip48
\bibsep=\skip49
LaTeX Info: Redefining \cite on input line 694.
\c@NAT@ctr=\count88
)
(/usr/pkg/share/texmf-dist/tex/latex/float/float.sty
Package: float 2001/11/08 v1.3d Float enhancements (AL)
\c@float@type=\count89
\float@exts=\toks15
\float@box=\box26
\@float@everytoks=\toks16
\@floatcapt=\box27
)
(/usr/pkg/share/texmf-dist/tex/latex/url/url.sty
\Urlmuskip=\muskip10
Package: url 2013/09/16  ver 3.4  Verb mode for urls, etc.
)
(/usr/pkg/share/texmf-dist/tex/latex/caption/caption.sty
Package: caption 2010/01/09 v3.1m Customizing captions (AR)

(/usr/pkg/share/texmf-dist/tex/latex/caption/caption3.sty
Package: caption3 2010/01/14 v3.1m caption3 kernel (AR)
\captionmargin=\dimen107
\captionmargin@=\dimen108
\captionwidth=\dimen109
\caption@indent=\dimen110
\caption@parindent=\dimen111
\caption@hangindent=\dimen112
)
\c@ContinuedFloat=\count90
Package caption Info: float package is loaded.
)
(/usr/pkg/share/texmf-dist/tex/latex/program/program.sty
\@gtempa=\dimen113
\@gtempa=\dimen114
\@gtempa=\dimen115
\@gtempa=\dimen116
\@gtempa=\dimen117
\@gtempa=\dimen118
\@gtempa=\dimen119
\@gtempa=\dimen120
\@gtempa=\dimen121
\@gtempa=\dimen122
\@gtempa=\dimen123
\@gtempa=\dimen124
\@gtempa=\dimen125
\@gtempa=\dimen126
\@gtempa=\dimen127
\@gtempa=\dimen128
\@gtempa=\dimen129
\@gtempa=\dimen130
\@gtempa=\dimen131
\@gtempa=\dimen132
\@gtempa=\dimen133
\@gtempa=\dimen134
\@gtempa=\dimen135
\@gtempa=\dimen136
\@gtempa=\dimen137
\@gtempa=\dimen138
\@gtempa=\dimen139
\@gtempa=\dimen140
\@gtempa=\dimen141
\@gtempa=\dimen142
\@gtempa=\dimen143
\@gtempa=\dimen144
\@gtempa=\dimen145
\@gtempa=\dimen146
\@gtempa=\dimen147
\@gtempa=\dimen148
\@gtempa=\dimen149
\@gtempa=\dimen150
\@gtempa=\dimen151
\@gtempa=\dimen152
\@gtempa=\dimen153
\@gtempa=\dimen154
\@gtempa=\dimen155
\@gtempa=\dimen156
\@gtempa=\dimen157
\@gtempa=\dimen158
\@gtempa=\dimen159
\@gtempa=\dimen160
\@gtempa=\dimen161
\@gtempa=\dimen162
\c@programline=\count91
\old@nxttabmar=\count92
\symeulerletters=\mathgroup5
\powersetbox=\box28
LaTeX Font Info:    External font `cmex10' loaded for size
(Font)              <14.4> on input line 798.
LaTeX Font Info:    External font `cmex10' loaded for size
(Font)              <7> on input line 798.
LaTeX Font Info:    Try loading font information for U+lasy on input line 798.

(/usr/pkg/share/texmf-dist/tex/latex/base/ulasy.fd
File: ulasy.fd 1998/08/17 v2.2e LaTeX symbol font definitions
)
LaTeX Font Info:    Try loading font information for U+eur on input line 798.

(/usr/pkg/share/texmf-dist/tex/latex/amsfonts/ueur.fd
File: ueur.fd 2013/01/14 v3.01 Euler Roman
))
(/usr/pkg/share/texmf-dist/tex/latex/tools/tabularx.sty
Package: tabularx 1999/01/07 v2.07 `tabularx' package (DPC)

(/usr/pkg/share/texmf-dist/tex/latex/tools/array.sty
Package: array 2008/09/09 v2.4c Tabular extension package (FMi)
\col@sep=\dimen163
\extrarowheight=\dimen164
\NC@list=\toks17
\extratabsurround=\skip50
\backup@length=\skip51
)
\TX@col@width=\dimen165
\TX@old@table=\dimen166
\TX@old@col=\dimen167
\TX@target=\dimen168
\TX@delta=\dimen169
\TX@cols=\count93
\TX@ftn=\toks18
)
(/usr/pkg/share/texmf-dist/tex/latex/colortbl/colortbl.sty
Package: colortbl 2001/02/13 v0.1j Color table columns (DPC)

(/usr/pkg/share/texmf-dist/tex/latex/graphics/color.sty
Package: color 2005/11/14 v1.0j Standard LaTeX Color (DPC)

(/usr/pkg/share/texmf-dist/tex/latex/latexconfig/color.cfg
File: color.cfg 2007/01/18 v1.5 color configuration of teTeX/TeXLive
)
Package color Info: Driver file: pdftex.def on input line 130.
)
\everycr=\toks19
\minrowclearance=\skip52
)
(/usr/pkg/share/texmf-dist/tex/latex/algorithms/algorithm.sty
Package: algorithm 2009/08/24 v0.1 Document Style `algorithm' - floating enviro
nment

(/usr/pkg/share/texmf-dist/tex/latex/base/ifthen.sty
Package: ifthen 2001/05/26 v1.1c Standard LaTeX ifthen package (DPC)
)
\@float@every@algorithm=\toks20
\c@algorithm=\count94
) (./algpseudocode.sty
Package: algpseudocode 

(./algorithmicx.sty
Package: algorithmicx 2005/04/27 v1.2 Algorithmicx

Document Style algorithmicx 1.2 - a greatly improved `algorithmic' style
\c@ALG@line=\count95
\c@ALG@rem=\count96
\c@ALG@nested=\count97
\ALG@tlm=\skip53
\ALG@thistlm=\skip54
\c@ALG@Lnr=\count98
\c@ALG@blocknr=\count99
\c@ALG@storecount=\count100
\c@ALG@tmpcounter=\count101
\ALG@tmplength=\skip55
)
Document Style - pseudocode environments for use with the `algorithmicx' style
) (/usr/pkg/share/texmf-dist/tex/latex/amsmath/amsmath.sty
Package: amsmath 2000/07/18 v2.13 AMS math features
\@mathmargin=\skip56

For additional information on amsmath, use the `?' option.
(/usr/pkg/share/texmf-dist/tex/latex/amsmath/amstext.sty
Package: amstext 2000/06/29 v2.01

(/usr/pkg/share/texmf-dist/tex/latex/amsmath/amsgen.sty
File: amsgen.sty 1999/11/30 v2.0
\@emptytoks=\toks21
\ex@=\dimen170
)
LaTeX Info: Redefining \text on input line 53.
)
(/usr/pkg/share/texmf-dist/tex/latex/amsmath/amsbsy.sty
Package: amsbsy 1999/11/29 v1.2d
LaTeX Info: Redefining \boldsymbol on input line 54.
\pmbraise@=\dimen171
)
(/usr/pkg/share/texmf-dist/tex/latex/amsmath/amsopn.sty
Package: amsopn 1999/12/14 v2.01 operator names
LaTeX Info: Redefining \operatorname on input line 58.
)
\inf@bad=\count102
LaTeX Info: Redefining \frac on input line 211.
\uproot@=\count103
\leftroot@=\count104
LaTeX Info: Redefining \overline on input line 307.


! LaTeX Error: Command \implies already defined.
               Or name \end... illegal, see p.192 of the manual.

See the LaTeX manual or LaTeX Companion for explanation.
Type  H <return>  for immediate help.
 ...                                              
                                                  
l.309 ...mand{\implies}{\DOTSB\;\Longrightarrow\;}
                                                  
? 
\classnum@=\count105
\DOTSCASE@=\count106
LaTeX Info: Redefining \ldots on input line 379.
LaTeX Info: Redefining \dots on input line 382.
LaTeX Info: Redefining \cdots on input line 467.
\Mathstrutbox@=\box29
\strutbox@=\box30
\big@size=\dimen172
LaTeX Font Info:    Redeclaring font encoding OML on input line 567.
LaTeX Font Info:    Redeclaring font encoding OMS on input line 568.
\macc@depth=\count107

! LaTeX Error: Command \overset already defined.
               Or name \end... illegal, see p.192 of the manual.

See the LaTeX manual or LaTeX Companion for explanation.
Type  H <return>  for immediate help.
 ...                                              
                                                  
l.723 ...inrel@@{\mathop{\kern\z@#2}\limits^{#1}}}
                                                  
? 
\c@MaxMatrixCols=\count108
\dotsspace@=\muskip11
\c@parentequation=\count109
\dspbrk@lvl=\count110
\tag@help=\toks22
\row@=\count111
\column@=\count112
\maxfields@=\count113
\andhelp@=\toks23
\eqnshift@=\dimen173
\alignsep@=\dimen174
\tagshift@=\dimen175
\tagwidth@=\dimen176
\totwidth@=\dimen177
\lineht@=\dimen178
\@envbody=\toks24
\multlinegap=\skip57
\multlinetaggap=\skip58
\mathdisplay@stack=\toks25
LaTeX Info: Redefining \[ on input line 2666.
LaTeX Info: Redefining \] on input line 2667.
) (/usr/pkg/share/texmf-dist/tex/latex/amsfonts/amssymb.sty
Package: amssymb 2013/01/14 v3.01 AMS font symbols

(/usr/pkg/share/texmf-dist/tex/latex/amsfonts/amsfonts.sty
Package: amsfonts 2013/01/14 v3.01 Basic AMSFonts support
\symAMSa=\mathgroup6
\symAMSb=\mathgroup7
LaTeX Font Info:    Overwriting math alphabet `\mathfrak' in version `bold'
(Font)                  U/euf/m/n --> U/euf/b/n on input line 106.
LaTeX Info: Redefining \Bbb on input line 113.
)

! LaTeX Error: Command `\lneq' already defined.

See the LaTeX manual or LaTeX Companion for explanation.
Type  H <return>  for immediate help.
 ...                                              
                                                  
l.183 ...mbol{\lneq}         {\mathrel}{AMSb}{"0C}
                                                  
? 
) (/usr/pkg/share/texmf-dist/tex/latex/etoolbox/etoolbox.sty
Package: etoolbox 2011/01/03 v2.1 e-TeX tools for LaTeX

(/usr/pkg/share/texmf-dist/tex/latex/etex-pkg/etex.sty
Package: etex 1998/03/26 v2.0 eTeX basic definition package (PEB)
\et@xins=\count114
)
\etb@tempcnta=\count115
)
(/usr/pkg/share/texmf-dist/tex/latex/tools/hhline.sty
Package: hhline 1994/05/23 v2.03 Table rule package (DPC)
)
(/usr/pkg/share/texmf-dist/tex/latex/caption/subcaption.sty
Package: subcaption 2008/08/31 v1.0b Adding subcaptions (AR)
\c@subfigure=\count116
\c@subtable=\count117
)
\@float@every@fig=\toks26
\c@fig=\count118
 (./ecjsample.aux

LaTeX Warning: Label `graph1' multiply defined.


LaTeX Warning: Label `fig:Pareto' multiply defined.

)
\openout1 = `ecjsample.aux'.

LaTeX Font Info:    Checking defaults for OML/cmm/m/it on input line 34.
LaTeX Font Info:    ... okay on input line 34.
LaTeX Font Info:    Checking defaults for T1/cmr/m/n on input line 34.
LaTeX Font Info:    ... okay on input line 34.
LaTeX Font Info:    Checking defaults for OT1/cmr/m/n on input line 34.
LaTeX Font Info:    ... okay on input line 34.
LaTeX Font Info:    Checking defaults for OMS/cmsy/m/n on input line 34.
LaTeX Font Info:    ... okay on input line 34.
LaTeX Font Info:    Checking defaults for OMX/cmex/m/n on input line 34.
LaTeX Font Info:    ... okay on input line 34.
LaTeX Font Info:    Checking defaults for U/cmr/m/n on input line 34.
LaTeX Font Info:    ... okay on input line 34.
LaTeX Font Info:    Try loading font information for OT1+ppl on input line 34.
 (/usr/pkg/share/texmf-dist/tex/latex/psnfss/ot1ppl.fd
File: ot1ppl.fd 2001/06/04 font definitions for OT1/ppl.
)
(/usr/pkg/share/texmf-dist/tex/context/base/supp-pdf.mkii
[Loading MPS to PDF converter (version 2006.09.02).]
\scratchcounter=\count119
\scratchdimen=\dimen179
\scratchbox=\box31
\nofMPsegments=\count120
\nofMParguments=\count121
\everyMPshowfont=\toks27
\MPscratchCnt=\count122
\MPscratchDim=\dimen180
\MPnumerator=\count123
\makeMPintoPDFobject=\count124
\everyMPtoPDFconversion=\toks28
) (/usr/pkg/share/texmf-dist/tex/generic/oberdiek/pdftexcmds.sty
Package: pdftexcmds 2011/11/29 v0.20 Utility functions of pdfTeX for LuaTeX (HO
)

(/usr/pkg/share/texmf-dist/tex/generic/oberdiek/ifluatex.sty
Package: ifluatex 2010/03/01 v1.3 Provides the ifluatex switch (HO)
Package ifluatex Info: LuaTeX not detected.
)
(/usr/pkg/share/texmf-dist/tex/generic/oberdiek/ifpdf.sty
Package: ifpdf 2011/01/30 v2.3 Provides the ifpdf switch (HO)
Package ifpdf Info: pdfTeX in PDF mode is detected.
)
Package pdftexcmds Info: LuaTeX not detected.
Package pdftexcmds Info: \pdf@primitive is available.
Package pdftexcmds Info: \pdf@ifprimitive is available.
Package pdftexcmds Info: \pdfdraftmode found.
)
(/usr/pkg/share/texmf-dist/tex/latex/oberdiek/epstopdf-base.sty
Package: epstopdf-base 2010/02/09 v2.5 Base part for package epstopdf

(/usr/pkg/share/texmf-dist/tex/latex/oberdiek/grfext.sty
Package: grfext 2010/08/19 v1.1 Manage graphics extensions (HO)

(/usr/pkg/share/texmf-dist/tex/generic/oberdiek/kvdefinekeys.sty
Package: kvdefinekeys 2011/04/07 v1.3 Define keys (HO)
))
(/usr/pkg/share/texmf-dist/tex/latex/oberdiek/kvoptions.sty
Package: kvoptions 2011/06/30 v3.11 Key value format for package options (HO)

(/usr/pkg/share/texmf-dist/tex/generic/oberdiek/kvsetkeys.sty
Package: kvsetkeys 2012/04/25 v1.16 Key value parser (HO)

(/usr/pkg/share/texmf-dist/tex/generic/oberdiek/etexcmds.sty
Package: etexcmds 2011/02/16 v1.5 Avoid name clashes with e-TeX commands (HO)
Package etexcmds Info: Could not find \expanded.
(etexcmds)             That can mean that you are not using pdfTeX 1.50 or
(etexcmds)             that some package has redefined \expanded.
(etexcmds)             In the latter case, load this package earlier.
)))
Package grfext Info: Graphics extension search list:
(grfext)             [.png,.pdf,.jpg,.mps,.jpeg,.jbig2,.jb2,.PNG,.PDF,.JPG,.JPE
G,.JBIG2,.JB2,.eps]
(grfext)             \AppendGraphicsExtensions on input line 452.

(/usr/pkg/share/texmf-dist/tex/latex/latexconfig/epstopdf-sys.cfg
File: epstopdf-sys.cfg 2010/07/13 v1.3 Configuration of (r)epstopdf for TeX Liv
e
))
Package caption Info: Begin \AtBeginDocument code.
Package caption Info: End \AtBeginDocument code.
LaTeX Font Info:    Font shape `OT1/ppl/bx/n' in size <17.28> not available
(Font)              Font shape `OT1/ppl/b/n' tried instead on input line 49.
LaTeX Font Info:    Font shape `OT1/ppl/bx/n' in size <10.95> not available
(Font)              Font shape `OT1/ppl/b/n' tried instead on input line 49.
LaTeX Font Info:    Font shape `OT1/ppl/bx/n' in size <9> not available
(Font)              Font shape `OT1/ppl/b/n' tried instead on input line 51.
LaTeX Font Info:    Try loading font information for OMS+ppl on input line 86.

(/usr/pkg/share/texmf-dist/tex/latex/psnfss/omsppl.fd
File: omsppl.fd 
)
LaTeX Font Info:    Font shape `OMS/ppl/m/n' in size <8> not available
(Font)              Font shape `OMS/cmsy/m/n' tried instead on input line 86.
 [1

{/var/lib/texmf/fonts/map/pdftex/updmap/pdftex.map}] [2]
LaTeX Font Info:    Font shape `OMS/ppl/m/n' in size <10> not available
(Font)              Font shape `OMS/cmsy/m/n' tried instead on input line 133.
LaTeX Font Info:    Font shape `OT1/ppl/bx/n' in size <10> not available
(Font)              Font shape `OT1/ppl/b/n' tried instead on input line 152.
Missing character: There is no â in font pplr7t!
Missing character: There is no € in font pplr7t!
Missing character: There is no ™ in font pplr7t!
LaTeX Font Info:    Try loading font information for U+msa on input line 155.

(/usr/pkg/share/texmf-dist/tex/latex/amsfonts/umsa.fd
File: umsa.fd 2013/01/14 v3.01 AMS symbols A
)
LaTeX Font Info:    Try loading font information for U+msb on input line 155.

(/usr/pkg/share/texmf-dist/tex/latex/amsfonts/umsb.fd
File: umsb.fd 2013/01/14 v3.01 AMS symbols B
) [3] [4] [5] [6]
<pics/mutation.png, id=32, 513.04544pt x 138.1001pt>
File: pics/mutation.png Graphic file (type png)
 <use pics/mutation.png>
Package pdftex.def Info: pics/mutation.png used on input line 342.
(pdftex.def)             Requested size: 190.63338pt x 51.31538pt.

<pics/crossover.png, id=34, 460.8107pt x 495.15683pt>
File: pics/crossover.png Graphic file (type png)
 <use pics/crossover.png>
Package pdftex.def Info: pics/crossover.png used on input line 353.
(pdftex.def)             Requested size: 114.38118pt x 122.9049pt.

[7 <./pics/mutation.png> <./pics/crossover.png>] [8]
<pics/1.png, id=44, 409.29149pt x 321.99506pt>
File: pics/1.png Graphic file (type png)
 <use pics/1.png>
Package pdftex.def Info: pics/1.png used on input line 428.
(pdftex.def)             Requested size: 152.50436pt x 119.97646pt.

<pics/2.png, id=45, 410.72258pt x 324.85722pt>
File: pics/2.png Graphic file (type png)
 <use pics/2.png>
Package pdftex.def Info: pics/2.png used on input line 432.
(pdftex.def)             Requested size: 152.50436pt x 120.62157pt.

<pics/3.png, id=46, 387.82515pt x 319.13287pt>
File: pics/3.png Graphic file (type png)
 <use pics/3.png>
Package pdftex.def Info: pics/3.png used on input line 438.
(pdftex.def)             Requested size: 152.50436pt x 125.49365pt.

<pics/4.png, id=47, 406.4293pt x 318.41733pt>
File: pics/4.png Graphic file (type png)
 <use pics/4.png>
Package pdftex.def Info: pics/4.png used on input line 442.
(pdftex.def)             Requested size: 152.50436pt x 119.47906pt.
 [9 <./pics/1.png> <./pics/2.png> <./pics/3.png> <./pics/4.png>]

! Package array Error:  Illegal pream-token (1): `c' used.

See the array package documentation for explanation.
Type  H <return>  for immediate help.
 ...                                              
                                                  
l.470 ...{tabular}{ | l | l | l | 1 | 1 |p{2cm} |}
                                                  
? 

! Package array Error:  Illegal pream-token (1): `c' used.

See the array package documentation for explanation.
Type  H <return>  for immediate help.
 ...                                              
                                                  
l.470 ...{tabular}{ | l | l | l | 1 | 1 |p{2cm} |}
                                                  
? 

! Package amsmath Error: Erroneous nesting of equation structures;
(amsmath)                trying to recover with `aligned'.

See the amsmath package documentation for explanation.
Type  H <return>  for immediate help.
 ...                                              
                                                  
l.499      \end{align}
                      
? 

Overfull \hbox (2.6608pt too wide) in paragraph at lines 520--528
 [][] 
 []


Overfull \hbox (2.6608pt too wide) in paragraph at lines 536--544
[][] 
 []


Overfull \hbox (2.6608pt too wide) in paragraph at lines 550--558
[][] 
 []


Overfull \hbox (2.6608pt too wide) in paragraph at lines 564--572
[][] 
 []


Overfull \hbox (1.90002pt too wide) in paragraph at lines 517--575
[]$[]$ []$[]$
 []


Overfull \hbox (1.90002pt too wide) in paragraph at lines 517--575
[]$[]$ []$[]$
 []

[10] <pics/105.png, id=58, 480.84595pt x 442.20653pt>
File: pics/105.png Graphic file (type png)
 <use pics/105.png>
Package pdftex.def Info: pics/105.png used on input line 596.
(pdftex.def)             Requested size: 152.50436pt x 140.2472pt.

<pics/107.png, id=59, 476.55267pt x 433.62pt>
File: pics/107.png Graphic file (type png)
 <use pics/107.png>
Package pdftex.def Info: pics/107.png used on input line 601.
(pdftex.def)             Requested size: 152.50436pt x 138.76123pt.

<pics/111.png, id=60, 476.55267pt x 434.33554pt>
File: pics/111.png Graphic file (type png)
 <use pics/111.png>
Package pdftex.def Info: pics/111.png used on input line 608.
(pdftex.def)             Requested size: 152.50436pt x 138.9902pt.

<pics/112.png, id=61, 485.1392pt x 438.62881pt>
File: pics/112.png Graphic file (type png)
 <use pics/112.png>
Package pdftex.def Info: pics/112.png used on input line 613.
(pdftex.def)             Requested size: 152.50436pt x 137.881pt.

Underfull \vbox (badness 10000) has occurred while \output is active []

 [11]
(./ecjsample.bbl
Missing character: There is no â in font pplr7t!
Missing character: There is no € in font pplr7t!
Missing character: There is no “ in font pplr7t!
 [12 <./pics/105.png> <./pics/107.png> <./pics/111.png> <./pics/112.png>]
Missing character: There is no Ã in font pplr7t!
Missing character: There is no ¡ in font pplr7t!
 [13]) [14] (./ecjsample.aux)

LaTeX Warning: There were multiply-defined labels.

 ) 
Here is how much of TeX's memory you used:
 5612 strings out of 493945
 76885 string characters out of 6159095
 153791 words of memory out of 5000000
 8713 multiletter control sequences out of 15000+600000
 20898 words of font info for 67 fonts, out of 8000000 for 9000
 774 hyphenation exceptions out of 8191
 38i,13n,38p,793b,472s stack positions out of 5000i,500n,10000p,200000b,80000s
{/usr/pkg/share/texmf-dist/fonts/enc/dvips/base/8r.enc}</usr/pkg/share/texmf-
dist/fonts/type1/public/amsfonts/cm/cmex10.pfb></usr/pkg/share/texmf-dist/fonts
/type1/public/amsfonts/cm/cmmi10.pfb></usr/pkg/share/texmf-dist/fonts/type1/pub
lic/amsfonts/cm/cmmi7.pfb></usr/pkg/share/texmf-dist/fonts/type1/public/amsfont
s/cm/cmr10.pfb></usr/pkg/share/texmf-dist/fonts/type1/public/amsfonts/cm/cmr7.p
fb></usr/pkg/share/texmf-dist/fonts/type1/public/amsfonts/cm/cmr9.pfb></usr/pkg
/share/texmf-dist/fonts/type1/public/amsfonts/cm/cmsy10.pfb></usr/pkg/share/tex
mf-dist/fonts/type1/public/amsfonts/cm/cmsy7.pfb></usr/pkg/share/texmf-dist/fon
ts/type1/public/amsfonts/cm/cmsy8.pfb></usr/pkg/share/texmf-dist/fonts/type1/pu
blic/amsfonts/cm/cmsy9.pfb></usr/pkg/share/texmf-dist/fonts/type1/urw/palatino/
uplb8a.pfb></usr/pkg/share/texmf-dist/fonts/type1/urw/palatino/uplr8a.pfb></usr
/pkg/share/texmf-dist/fonts/type1/urw/palatino/uplri8a.pfb>
Output written on ecjsample.pdf (14 pages, 350095 bytes).
PDF statistics:
 124 PDF objects out of 1000 (max. 8388607)
 74 compressed objects within 1 object stream
 0 named destinations out of 1000 (max. 500000)
 51 words of extra memory for PDF output out of 10000 (max. 10000000)

